<?xml version="1.0" encoding="UTF-8"?>
<!-- Generated by org.testng.reporters.JUnitXMLReporter -->
<testsuite ignored="1" hostname="TMFMW01" failures="1" tests="6" name="Regression Tests" time="37.4" errors="0" timestamp="2026-03-20T11:15:55 IST">
  <testcase classname="tests.LoginTest" name="validLoginTest" time="1.414"/>
  <testcase classname="tests.LoginTest" name="validLoginTest" time="3.463"/>
  <testcase classname="tests.LoginTest" name="validLoginTest" time="1.291">
    <failure type="java.lang.AssertionError" message="Login failed or unexpected page expected [Make Appointment] but found [Login]">
      <![CDATA[java.lang.AssertionError: Login failed or unexpected page expected [Make Appointment] but found [Login]
at tests.LoginTest.validLoginTest(LoginTest.java:35)
at java.base/java.util.ArrayList.forEach(ArrayList.java:1511)
... Removed 36 stack frames]]>
    </failure>
  </testcase> <!-- validLoginTest -->
  <testcase classname="tests.AppointmentTest" name="makeAppointmentTest" time="2.403"/>
  <testcase classname="tests.AppointmentTest" name="makeAppointmentTest" time="2.397"/>
  <testcase classname="tests.LogoutTest" name="logoutTest" time="1.959"/>
  <testcase classname="tests.LoginTest" name="invalidLoginTest" time="0.0">
    <ignored/>
  </testcase> <!-- invalidLoginTest -->
</testsuite> <!-- Regression Tests -->
