<?xml version="1.0" encoding="UTF-8"?>
<testng-results ignored="0" total="6" passed="5" failed="1" skipped="0">
  <reporter-output>
  </reporter-output>
  <suite started-at="2026-03-20T11:15:18 IST" name="Regression Suite" finished-at="2026-03-20T11:15:55 IST" duration-ms="37400">
    <groups>
      <group name="regression">
        <method signature="AppointmentTest.makeAppointmentTest(java.lang.String,java.lang.String,java.lang.String)[pri:0, instance:tests.AppointmentTest@7c729a55]" name="makeAppointmentTest" class="tests.AppointmentTest"/>
        <method signature="LoginTest.validLoginTest(java.lang.String,java.lang.String)[pri:0, instance:tests.LoginTest@1dde4cb2]" name="validLoginTest" class="tests.LoginTest"/>
        <method signature="LogoutTest.logoutTest()[pri:0, instance:tests.LogoutTest@3bb9a3ff]" name="logoutTest" class="tests.LogoutTest"/>
      </group> <!-- regression -->
    </groups>
    <test started-at="2026-03-20T11:15:18 IST" name="Regression Tests" finished-at="2026-03-20T11:15:55 IST" duration-ms="37400">
      <class name="tests.LoginTest">
        <test-method is-config="true" signature="setup()[pri:0, instance:tests.LoginTest@1dde4cb2]" started-at="2026-03-20T11:15:18 IST" name="setup" finished-at="2026-03-20T11:15:25 IST" duration-ms="6374" status="PASS">
          <reporter-output>
          </reporter-output>
        </test-method> <!-- setup -->
        <test-method signature="validLoginTest(java.lang.String,java.lang.String)[pri:0, instance:tests.LoginTest@1dde4cb2]" started-at="2026-03-20T11:15:25 IST" name="validLoginTest" data-provider="loginData" finished-at="2026-03-20T11:15:26 IST" duration-ms="1414" status="PASS">
          <params>
            <param index="0">
              <value>
                <![CDATA[John Doe]]>
              </value>
            </param>
            <param index="1">
              <value>
                <![CDATA[ThisIsNotAPassword]]>
              </value>
            </param>
          </params>
          <reporter-output>
          </reporter-output>
        </test-method> <!-- validLoginTest -->
        <test-method is-config="true" signature="tearDown()[pri:0, instance:tests.LoginTest@1dde4cb2]" started-at="2026-03-20T11:15:26 IST" name="tearDown" finished-at="2026-03-20T11:15:26 IST" duration-ms="150" status="PASS">
          <reporter-output>
          </reporter-output>
        </test-method> <!-- tearDown -->
        <test-method is-config="true" signature="setup()[pri:0, instance:tests.LoginTest@1dde4cb2]" started-at="2026-03-20T11:15:26 IST" name="setup" finished-at="2026-03-20T11:15:28 IST" duration-ms="1997" status="PASS">
          <reporter-output>
          </reporter-output>
        </test-method> <!-- setup -->
        <test-method signature="validLoginTest(java.lang.String,java.lang.String)[pri:0, instance:tests.LoginTest@1dde4cb2]" started-at="2026-03-20T11:15:28 IST" name="validLoginTest" data-provider="loginData" finished-at="2026-03-20T11:15:32 IST" duration-ms="3463" status="PASS">
          <params>
            <param index="0">
              <value>
                <![CDATA[John Doe]]>
              </value>
            </param>
            <param index="1">
              <value>
                <![CDATA[ThisIsNotAPassword]]>
              </value>
            </param>
          </params>
          <reporter-output>
          </reporter-output>
        </test-method> <!-- validLoginTest -->
        <test-method is-config="true" signature="tearDown()[pri:0, instance:tests.LoginTest@1dde4cb2]" started-at="2026-03-20T11:15:32 IST" name="tearDown" finished-at="2026-03-20T11:15:32 IST" duration-ms="138" status="PASS">
          <reporter-output>
          </reporter-output>
        </test-method> <!-- tearDown -->
        <test-method is-config="true" signature="setup()[pri:0, instance:tests.LoginTest@1dde4cb2]" started-at="2026-03-20T11:15:32 IST" name="setup" finished-at="2026-03-20T11:15:36 IST" duration-ms="4201" status="PASS">
          <reporter-output>
          </reporter-output>
        </test-method> <!-- setup -->
        <test-method signature="validLoginTest(java.lang.String,java.lang.String)[pri:0, instance:tests.LoginTest@1dde4cb2]" started-at="2026-03-20T11:15:36 IST" name="validLoginTest" data-provider="loginData" finished-at="2026-03-20T11:15:37 IST" duration-ms="1291" status="FAIL">
          <params>
            <param index="0">
              <value>
                <![CDATA[John Doe]]>
              </value>
            </param>
            <param index="1">
              <value>
                <![CDATA[wrong]]>
              </value>
            </param>
          </params>
          <exception class="java.lang.AssertionError">
            <message>
              <![CDATA[Login failed or unexpected page expected [Make Appointment] but found [Login]]]>
            </message>
            <full-stacktrace>
              <![CDATA[java.lang.AssertionError: Login failed or unexpected page expected [Make Appointment] but found [Login]
at org.testng.Assert.fail(Assert.java:111)
at org.testng.Assert.failNotEquals(Assert.java:1578)
at org.testng.Assert.assertEqualsImpl(Assert.java:150)
at org.testng.Assert.assertEquals(Assert.java:132)
at org.testng.Assert.assertEquals(Assert.java:656)
at tests.LoginTest.validLoginTest(LoginTest.java:35)
at java.base/jdk.internal.reflect.NativeMethodAccessorImpl.invoke0(Native Method)
at java.base/jdk.internal.reflect.NativeMethodAccessorImpl.invoke(NativeMethodAccessorImpl.java:77)
at java.base/jdk.internal.reflect.DelegatingMethodAccessorImpl.invoke(DelegatingMethodAccessorImpl.java:43)
at java.base/java.lang.reflect.Method.invoke(Method.java:568)
at org.testng.internal.invokers.MethodInvocationHelper.invokeMethod(MethodInvocationHelper.java:139)
at org.testng.internal.invokers.TestInvoker.invokeMethod(TestInvoker.java:664)
at org.testng.internal.invokers.TestInvoker.invokeTestMethod(TestInvoker.java:228)
at org.testng.internal.invokers.MethodRunner.runInSequence(MethodRunner.java:63)
at org.testng.internal.invokers.TestInvoker$MethodInvocationAgent.invoke(TestInvoker.java:961)
at org.testng.internal.invokers.TestInvoker.invokeTestMethods(TestInvoker.java:201)
at org.testng.internal.invokers.TestMethodWorker.invokeTestMethods(TestMethodWorker.java:148)
at org.testng.internal.invokers.TestMethodWorker.run(TestMethodWorker.java:128)
at java.base/java.util.ArrayList.forEach(ArrayList.java:1511)
at org.testng.TestRunner.privateRun(TestRunner.java:819)
at org.testng.TestRunner.run(TestRunner.java:619)
at org.testng.SuiteRunner.runTest(SuiteRunner.java:443)
at org.testng.SuiteRunner.runSequentially(SuiteRunner.java:437)
at org.testng.SuiteRunner.privateRun(SuiteRunner.java:397)
at org.testng.SuiteRunner.run(SuiteRunner.java:336)
at org.testng.SuiteRunnerWorker.runSuite(SuiteRunnerWorker.java:52)
at org.testng.SuiteRunnerWorker.run(SuiteRunnerWorker.java:95)
at org.testng.TestNG.runSuitesSequentially(TestNG.java:1301)
at org.testng.TestNG.runSuitesLocally(TestNG.java:1228)
at org.testng.TestNG.runSuites(TestNG.java:1134)
at org.testng.TestNG.run(TestNG.java:1101)
at org.apache.maven.surefire.testng.TestNGExecutor.run(TestNGExecutor.java:308)
at org.apache.maven.surefire.testng.TestNGXmlTestSuite.execute(TestNGXmlTestSuite.java:71)
at org.apache.maven.surefire.testng.TestNGProvider.invoke(TestNGProvider.java:113)
at org.apache.maven.surefire.booter.ForkedBooter.runSuitesInProcess(ForkedBooter.java:385)
at org.apache.maven.surefire.booter.ForkedBooter.execute(ForkedBooter.java:162)
at org.apache.maven.surefire.booter.ForkedBooter.run(ForkedBooter.java:507)
at org.apache.maven.surefire.booter.ForkedBooter.main(ForkedBooter.java:495)
]]>
            </full-stacktrace>
          </exception> <!-- java.lang.AssertionError -->
          <reporter-output>
          </reporter-output>
        </test-method> <!-- validLoginTest -->
        <test-method is-config="true" signature="tearDown()[pri:0, instance:tests.LoginTest@1dde4cb2]" started-at="2026-03-20T11:15:37 IST" name="tearDown" finished-at="2026-03-20T11:15:37 IST" duration-ms="124" status="PASS">
          <reporter-output>
          </reporter-output>
        </test-method> <!-- tearDown -->
      </class> <!-- tests.LoginTest -->
      <class name="tests.AppointmentTest">
        <test-method is-config="true" signature="setup()[pri:0, instance:tests.AppointmentTest@7c729a55]" started-at="2026-03-20T11:15:37 IST" name="setup" finished-at="2026-03-20T11:15:41 IST" duration-ms="3520" status="PASS">
          <reporter-output>
          </reporter-output>
        </test-method> <!-- setup -->
        <test-method signature="makeAppointmentTest(java.lang.String,java.lang.String,java.lang.String)[pri:0, instance:tests.AppointmentTest@7c729a55]" started-at="2026-03-20T11:15:41 IST" name="makeAppointmentTest" data-provider="appointmentdata" finished-at="2026-03-20T11:15:43 IST" duration-ms="2403" status="PASS">
          <params>
            <param index="0">
              <value>
                <![CDATA[Tokyo CURA Healthcare Center]]>
              </value>
            </param>
            <param index="1">
              <value>
                <![CDATA[20-Mar-2026]]>
              </value>
            </param>
            <param index="2">
              <value>
                <![CDATA[Checkup]]>
              </value>
            </param>
          </params>
          <reporter-output>
          </reporter-output>
        </test-method> <!-- makeAppointmentTest -->
        <test-method is-config="true" signature="tearDown()[pri:0, instance:tests.AppointmentTest@7c729a55]" started-at="2026-03-20T11:15:43 IST" name="tearDown" finished-at="2026-03-20T11:15:44 IST" duration-ms="143" status="PASS">
          <reporter-output>
          </reporter-output>
        </test-method> <!-- tearDown -->
        <test-method is-config="true" signature="setup()[pri:0, instance:tests.AppointmentTest@7c729a55]" started-at="2026-03-20T11:15:44 IST" name="setup" finished-at="2026-03-20T11:15:47 IST" duration-ms="3407" status="PASS">
          <reporter-output>
          </reporter-output>
        </test-method> <!-- setup -->
        <test-method signature="makeAppointmentTest(java.lang.String,java.lang.String,java.lang.String)[pri:0, instance:tests.AppointmentTest@7c729a55]" started-at="2026-03-20T11:15:47 IST" name="makeAppointmentTest" data-provider="appointmentdata" finished-at="2026-03-20T11:15:49 IST" duration-ms="2397" status="PASS">
          <params>
            <param index="0">
              <value>
                <![CDATA[Hongkong CURA Healthcare Center]]>
              </value>
            </param>
            <param index="1">
              <value>
                <![CDATA[21-Mar-2026]]>
              </value>
            </param>
            <param index="2">
              <value>
                <![CDATA[dental]]>
              </value>
            </param>
          </params>
          <reporter-output>
          </reporter-output>
        </test-method> <!-- makeAppointmentTest -->
        <test-method is-config="true" signature="tearDown()[pri:0, instance:tests.AppointmentTest@7c729a55]" started-at="2026-03-20T11:15:49 IST" name="tearDown" finished-at="2026-03-20T11:15:50 IST" duration-ms="147" status="PASS">
          <reporter-output>
          </reporter-output>
        </test-method> <!-- tearDown -->
      </class> <!-- tests.AppointmentTest -->
      <class name="tests.LogoutTest">
        <test-method is-config="true" signature="setup()[pri:0, instance:tests.LogoutTest@3bb9a3ff]" started-at="2026-03-20T11:15:50 IST" name="setup" finished-at="2026-03-20T11:15:53 IST" duration-ms="3529" status="PASS">
          <reporter-output>
          </reporter-output>
        </test-method> <!-- setup -->
        <test-method signature="logoutTest()[pri:0, instance:tests.LogoutTest@3bb9a3ff]" started-at="2026-03-20T11:15:53 IST" name="logoutTest" finished-at="2026-03-20T11:15:55 IST" duration-ms="1959" status="PASS">
          <reporter-output>
          </reporter-output>
        </test-method> <!-- logoutTest -->
        <test-method is-config="true" signature="tearDown()[pri:0, instance:tests.LogoutTest@3bb9a3ff]" started-at="2026-03-20T11:15:55 IST" name="tearDown" finished-at="2026-03-20T11:15:55 IST" duration-ms="220" status="PASS">
          <reporter-output>
          </reporter-output>
        </test-method> <!-- tearDown -->
      </class> <!-- tests.LogoutTest -->
    </test> <!-- Regression Tests -->
  </suite> <!-- Regression Suite -->
</testng-results>
